Opened log file 'C:\temp\cppdebug\4_Crash.log'
0:000> .ecxr
eax=00000000 ebx=00000001 ecx=73536122 edx=00000000 esi=002af37c edi=0000004e
eip=00000000 esp=002af1a8 ebp=00000000 iopl=0         nv up ei pl zr na pe nc
cs=0023  ss=002b  ds=002b  es=002b  fs=0053  gs=002b             efl=00010246
00000000 ??              ???
0:000> kb
  *** Stack trace for last set context - .thread/.cxr resets it
ChildEBP RetAddr  Args to Child              
WARNING: Frame IP not in any known module. Following frames may be wrong.
002af1a4 00000000 002af120 00000000 014cfe90 0x0
0:000> dds esp
002af1a8  00000000
002af1ac  002af120
002af1b0  00000000
002af1b4  014cfe90
002af1b8  002af0fc
002af1bc  742fd594 uxtheme!StreamInit+0x36
002af1c0  002af180
002af1c4  01850815
002af1c8  0000029e
002af1cc  00000000
002af1d0  00000000
002af1d4  737990fa
002af1d8  002af210
002af1dc  013719beUnable to load image D:\LiveMesh\SharingBin\CppDebug\Exercises\4_Crash\Sources\Release\BatteryMeter.exe, Win32 error 0n2
*** WARNING: Unable to verify timestamp for BatteryMeter.exe
*** ERROR: Module load completed but symbols could not be loaded for BatteryMeter.exe
 BatteryMeter+0x19be
002af1e0  00000004
002af1e4  77dbc290 mfc100u!AfxDlgProc [f:\dd\vctools\vc7libs\ship\atlmfc\src\mfc\dlgcore.cpp @ 22]
-- User interrupt
0:000> .sympath+ C:\temp\cppdebug\4_Crash\Binaries
Symbol search path is: srv*C:\Symbols*http://msdl.microsoft.com/download/symbols;C:\temp\cppdebug\4_Crash\Binaries
Expanded Symbol search path is: srv*c:\symbols*http://msdl.microsoft.com/download/symbols;c:\temp\cppdebug\4_crash\binaries
0:000> dds esp
002af1a8  00000000
002af1ac  002af120
002af1b0  00000000
002af1b4  014cfe90
002af1b8  002af0fc
002af1bc  742fd594 uxtheme!StreamInit+0x36
002af1c0  002af180
002af1c4  01850815
002af1c8  0000029e
002af1cc  00000000
002af1d0  00000000
002af1d4  737990fa
002af1d8  002af210
002af1dc  013719be BatteryMeter+0x19be
002af1e0  00000004
002af1e4  77dbc290 mfc100u!AfxDlgProc [f:\dd\vctools\vc7libs\ship\atlmfc\src\mfc\dlgcore.cpp @ 22]
002af1e8  00000000
002af1ec  002af284
002af1f0  00000001
002af1f4  00a24a74
002af1f8  00a5ec90
002af1fc  00a24cf0
002af200  002af228
002af204  002af198
002af208  002af234
002af20c  73799332
002af210  002af248
002af214  013719be BatteryMeter+0x19be
002af218  00000005
002af21c  02010001
002af220  77dbc290 mfc100u!AfxDlgProc [f:\dd\vctools\vc7libs\ship\atlmfc\src\mfc\dlgcore.cpp @ 22]
002af224  dcbaabcd
0:000> .reload
............................
0:000> dds esp
002af1a8  00000000
002af1ac  002af120
002af1b0  00000000
002af1b4  014cfe90
002af1b8  002af0fc
002af1bc  742fd594 uxtheme!StreamInit+0x36
002af1c0  002af180
002af1c4  01850815
002af1c8  0000029e
002af1cc  00000000
002af1d0  00000000
002af1d4  737990fa
002af1d8  002af210
002af1dc  013719be BatteryMeter!RecurseDeep+0x4e [d:\livemesh\sharingbin\cppdebug\exercises\4_crash\sources\batterymeter\batterymeterdlg.cpp @ 135]
002af1e0  00000004
002af1e4  77dbc290 mfc100u!AfxDlgProc [f:\dd\vctools\vc7libs\ship\atlmfc\src\mfc\dlgcore.cpp @ 22]
002af1e8  00000000
002af1ec  002af284
002af1f0  00000001
002af1f4  00a24a74
002af1f8  00a5ec90
002af1fc  00a24cf0
002af200  002af228
002af204  002af198
002af208  002af234
002af20c  73799332
002af210  002af248
002af214  013719be BatteryMeter!RecurseDeep+0x4e [d:\livemesh\sharingbin\cppdebug\exercises\4_crash\sources\batterymeter\batterymeterdlg.cpp @ 135]
002af218  00000005
002af21c  02010001
002af220  77dbc290 mfc100u!AfxDlgProc [f:\dd\vctools\vc7libs\ship\atlmfc\src\mfc\dlgcore.cpp @ 22]
002af224  dcbaabcd
0:000> q
quit:
