Build started 16/02/2012 11:39:37.
     1>Project "M:\Debugging Tools\EX\1_MemoryLeak\Sources\BatteryMeter\BatteryMeter.vcxproj" on node 2 (build target(s)).
     1>InitializeBuildStatus:
         Creating "Debug\BatteryMeter.unsuccessfulbuild" because "AlwaysCreate" was specified.
       ClCompile:
         All outputs are up-to-date.
         c:\Program Files (x86)\Microsoft Visual Studio 10.0\VC\bin\CL.exe /c /ZI /nologo /W3 /WX- /Od /Oy- /D WIN32 /D _WINDOWS /D _DEBUG /D _UNICODE /D UNICODE /D _AFXDLL /Gm /EHsc /RTC1 /MDd /GS /fp:precise /Zc:wchar_t /Zc:forScope /Yu"StdAfx.h" /Fp"Debug\BatteryMeter.pch" /Fo"Debug\\" /Fd"Debug\vc100.pdb" /Gd /TP /analyze- /errorReport:prompt BatteryInformation.cpp
         BatteryInformation.cpp
       ResourceCompile:
         C:\Program Files (x86)\Microsoft SDKs\Windows\v7.0A\bin\rc.exe /D _DEBUG /D _UNICODE /D UNICODE /D _AFXDLL /l"0x0409" /IDebug\ /nologo /fo"Debug\BatteryMeter.res" BatteryMeter.rc 
       ManifestResourceCompile:
         C:\Program Files (x86)\Microsoft SDKs\Windows\v7.0A\bin\rc.exe /nologo /fo"Debug\BatteryMeter.exe.embed.manifest.res" Debug\BatteryMeter_manifest.rc 
       Link:
         c:\Program Files (x86)\Microsoft Visual Studio 10.0\VC\bin\link.exe /ERRORREPORT:PROMPT /OUT:"M:\Debugging Tools\EX\1_MemoryLeak\Sources\Debug\BatteryMeter.exe" /INCREMENTAL /NOLOGO /MANIFEST /ManifestFile:"Debug\BatteryMeter.exe.intermediate.manifest" /MANIFESTUAC:"level='asInvoker' uiAccess='false'" /DEBUG /PDB:"M:\Debugging Tools\EX\1_MemoryLeak\Sources\Debug\BatteryMeter.pdb" /SUBSYSTEM:WINDOWS /TLBID:1 /ENTRY:"wWinMainCRTStartup" /DYNAMICBASE /NXCOMPAT /IMPLIB:"M:\Debugging Tools\EX\1_MemoryLeak\Sources\Debug\BatteryMeter.lib" /MACHINE:X86 Debug\BatteryMeter.res
         Debug\BatteryMeter.exe.embed.manifest.res
         Debug\BatteryInformation.obj
         Debug\BatteryMeter.obj
         Debug\BatteryMeterDlg.obj
         Debug\CPUInformation.obj
         Debug\stdafx.obj
       Manifest:
         C:\Program Files (x86)\Microsoft SDKs\Windows\v7.0A\bin\mt.exe /nologo /verbose /out:"Debug\BatteryMeter.exe.embed.manifest" /manifest Debug\BatteryMeter.exe.intermediate.manifest "c:\Program Files (x86)\Microsoft Visual Studio 10.0\VC\Include\Manifest\dpiaware.manifest"
         C:\Program Files (x86)\Microsoft SDKs\Windows\v7.0A\bin\rc.exe /nologo /fo"Debug\BatteryMeter.exe.embed.manifest.res" Debug\BatteryMeter_manifest.rc 
       LinkEmbedManifest:
         c:\Program Files (x86)\Microsoft Visual Studio 10.0\VC\bin\link.exe /ERRORREPORT:PROMPT /OUT:"M:\Debugging Tools\EX\1_MemoryLeak\Sources\Debug\BatteryMeter.exe" /INCREMENTAL /NOLOGO /MANIFEST /ManifestFile:"Debug\BatteryMeter.exe.intermediate.manifest" /MANIFESTUAC:"level='asInvoker' uiAccess='false'" /DEBUG /PDB:"M:\Debugging Tools\EX\1_MemoryLeak\Sources\Debug\BatteryMeter.pdb" /SUBSYSTEM:WINDOWS /TLBID:1 /ENTRY:"wWinMainCRTStartup" /DYNAMICBASE /NXCOMPAT /IMPLIB:"M:\Debugging Tools\EX\1_MemoryLeak\Sources\Debug\BatteryMeter.lib" /MACHINE:X86 Debug\BatteryMeter.res
         Debug\BatteryMeter.exe.embed.manifest.res
         Debug\BatteryInformation.obj
         Debug\BatteryMeter.obj
         Debug\BatteryMeterDlg.obj
         Debug\CPUInformation.obj
         Debug\stdafx.obj
         BatteryMeter.vcxproj -> M:\Debugging Tools\EX\1_MemoryLeak\Sources\Debug\BatteryMeter.exe
       FinalizeBuildStatus:
         Deleting file "Debug\BatteryMeter.unsuccessfulbuild".
         Touching "Debug\BatteryMeter.lastbuildstate".
     1>Done Building Project "M:\Debugging Tools\EX\1_MemoryLeak\Sources\BatteryMeter\BatteryMeter.vcxproj" (build target(s)).

Build succeeded.

Time Elapsed 00:00:08.07
