Build started 28/03/2012 14:11:40.
     1>Project "c:\Users\amirm\documents\visual studio 2010\Projects\RandomDistribution\RandomDistribution\RandomDistribution.vcxproj" on node 2 (build target(s)).
     1>InitializeBuildStatus:
         Creating "Debug\RandomDistribution.unsuccessfulbuild" because "AlwaysCreate" was specified.
       ClCompile:
         All outputs are up-to-date.
         C:\Program Files\Microsoft Visual Studio 10.0\VC\bin\CL.exe /c /ZI /nologo /W3 /WX- /Od /Oy- /D WIN32 /D _DEBUG /D _CONSOLE /D _UNICODE /D UNICODE /Gm /EHsc /RTC1 /MDd /GS /fp:precise /Zc:wchar_t /Zc:forScope /Yu"StdAfx.h" /Fp"Debug\RandomDistribution.pch" /Fo"Debug\\" /Fd"Debug\vc100.pdb" /Gd /TP /analyze- /errorReport:prompt RandomDistribution.cpp
         RandomDistribution.cpp
       ManifestResourceCompile:
         All outputs are up-to-date.
       Link:
         C:\Program Files\Microsoft Visual Studio 10.0\VC\bin\link.exe /ERRORREPORT:PROMPT /OUT:"c:\users\amirm\documents\visual studio 2010\Projects\RandomDistribution\Debug\RandomDistribution.exe" /INCREMENTAL /NOLOGO kernel32.lib user32.lib gdi32.lib winspool.lib comdlg32.lib advapi32.lib shell32.lib ole32.lib oleaut32.lib uuid.lib odbc32.lib odbccp32.lib /MANIFEST /ManifestFile:"Debug\RandomDistribution.exe.intermediate.manifest" /MANIFESTUAC:"level='asInvoker' uiAccess='false'" /DEBUG /PDB:"c:\users\amirm\documents\visual studio 2010\Projects\RandomDistribution\Debug\RandomDistribution.pdb" /SUBSYSTEM:CONSOLE /TLBID:1 /DYNAMICBASE /NXCOMPAT /IMPLIB:"c:\users\amirm\documents\visual studio 2010\Projects\RandomDistribution\Debug\RandomDistribution.lib" /MACHINE:X86 Debug\RandomDistribution.exe.embed.manifest.res
         Debug\RandomDistribution.obj
         Debug\stdafx.obj
       Manifest:
         C:\Program Files\Microsoft SDKs\Windows\v7.0\Bin\mt.exe /nologo /verbose /out:"Debug\RandomDistribution.exe.embed.manifest" /manifest Debug\RandomDistribution.exe.intermediate.manifest
         All outputs are up-to-date.
       LinkEmbedManifest:
         All outputs are up-to-date.
         RandomDistribution.vcxproj -> c:\users\amirm\documents\visual studio 2010\Projects\RandomDistribution\Debug\RandomDistribution.exe
       FinalizeBuildStatus:
         Deleting file "Debug\RandomDistribution.unsuccessfulbuild".
         Touching "Debug\RandomDistribution.lastbuildstate".
     1>Done Building Project "c:\Users\amirm\documents\visual studio 2010\Projects\RandomDistribution\RandomDistribution\RandomDistribution.vcxproj" (build target(s)).

Build succeeded.

Time Elapsed 00:00:02.02
